<?xml version="1.0" encoding="UTF-8"?>
<!-- Generated by org.testng.reporters.JUnitReportReporter -->
<testsuite skipped="0" hostname="DESKTOP-7M3VN73" name="cucumberOptions.TestRuner2" tests="1" failures="0" timestamp="2019-09-10T23:33:55 EDT" time="0.032" errors="0">
  <testcase name="feature" time="0.032" classname="cucumberOptions.TestRuner2"/>
</testsuite> <!-- cucumberOptions.TestRuner2 -->
